2025-03-22 21:44:34,803 - voidlink - WARNING - ClamAV not available: Error 61 connecting localhost:3310. Connection refused.
2025-03-22 21:44:34,804 - voidlink - WARNING - ClamAV is not available, virus scanning will be skipped
2025-03-22 21:44:36,650 - voidlink - WARNING - Failed login attempt for lockoutuser (attempt 1)
2025-03-22 21:44:37,006 - voidlink - WARNING - Failed login attempt for lockoutuser (attempt 2)
2025-03-22 21:44:37,397 - voidlink - WARNING - Failed login attempt for lockoutuser (attempt 3)
2025-03-22 21:44:37,749 - voidlink - WARNING - Failed login attempt for lockoutuser (attempt 4)
2025-03-22 21:44:38,117 - voidlink - WARNING - Account locked for lockoutuser due to too many failed attempts
2025-03-22 21:44:38,118 - voidlink - WARNING - Failed login attempt for lockoutuser (attempt 5)
2025-03-22 21:44:38,118 - voidlink - WARNING - Account locked: lockoutuser
2025-03-22 21:44:38,118 - voidlink - ERROR - Error 401: Account is temporarily locked due to too many failed attempts
2025-03-22 21:44:38,119 - voidlink - ERROR - Details: {'locked_until': 1742651978.117059}
2025-03-22 21:44:39,522 - voidlink - WARNING - Failed login attempt for testuser (attempt 1)
2025-03-22 21:44:39,523 - voidlink - INFO - Creating new user: nonexistent
2025-03-22 21:44:39,874 - voidlink - INFO - New user created: nonexistent
2025-03-22 21:44:42,410 - voidlink - INFO - Creating new user: deleteuser
2025-03-22 21:44:42,800 - voidlink - INFO - New user created: deleteuser
2025-03-22 21:44:44,281 - voidlink - INFO - New device registered for user deviceuser: test-device-1
2025-03-22 21:44:44,637 - voidlink - INFO - New device registered for user deviceuser: test-device-2
2025-03-22 21:44:50,116 - voidlink - INFO - Starting security scan for file: safe_file.txt
2025-03-22 21:44:50,190 - voidlink - WARNING - ClamAV not available: Error 61 connecting localhost:3310. Connection refused.
2025-03-22 21:44:50,190 - voidlink - WARNING - ClamAV not available, skipping virus scan
2025-03-22 21:44:50,191 - voidlink - WARNING - ClamAV not available: Error 61 connecting localhost:3310. Connection refused.
2025-03-22 21:44:50,191 - voidlink - WARNING - Virus scanning skipped for safe_file.txt - ClamAV not available
2025-03-22 21:44:50,191 - voidlink - INFO - Security scan completed for safe_file.txt in 0.07s: PASSED
2025-03-22 21:44:50,191 - voidlink - INFO - Starting security scan for file: dangerous_file.exe
2025-03-22 21:44:50,217 - voidlink - WARNING - File quarantined: dangerous_file.exe -> /var/folders/cm/j2q9dvh11gx05k4xmrcnhttm0000gn/T/tmpcu105fao/quarantine/dangerous_file.exe
2025-03-22 21:44:50,218 - voidlink - INFO - Security scan completed for dangerous_file.exe in 0.03s: FAILED - File has a potentially dangerous extension
2025-03-22 21:44:50,218 - voidlink - INFO - Starting security scan for file: large_file.txt
